<?xml version="1.0" encoding="UTF-8"?>
<!-- Generated by org.testng.reporters.JUnitXMLReporter -->
<testsuite ignored="0" hostname="Rabee-AbuAed" failures="0" tests="3" name="CrossBrowserAndMultiThreadTest-fireox" time="22.029" errors="0" timestamp="2023-11-14T11:37:43 GST">
  <testcase classname="Test.CrossBrowserTest" name="testApplication" time="5.046"/>
  <testcase classname="Test.CrossBrowserTest" name="testApplication" time="5.107"/>
  <testcase classname="Test.TestDefineElemnts" name="registerNewUser" time="4.71"/>
</testsuite> <!-- CrossBrowserAndMultiThreadTest-fireox -->
