<?xml version="1.0" encoding="UTF-8"?>
<!-- Generated by org.testng.reporters.JUnitXMLReporter -->
<testsuite ignored="0" hostname="Rabee-AbuAed" failures="0" tests="3" name="CrossBrowserAndMultiThreadTest_edge" time="16.658" errors="0" timestamp="2023-11-14T11:37:37 GST">
  <testcase classname="Test.CrossBrowserTest" name="testApplication" time="4.548"/>
  <testcase classname="Test.CrossBrowserTest" name="testApplication" time="5.345"/>
  <testcase classname="Test.TestDefineElemnts" name="registerNewUser" time="3.155"/>
</testsuite> <!-- CrossBrowserAndMultiThreadTest_edge -->
