<?xml version="1.0" encoding="UTF-8"?>
<!-- Generated by org.testng.reporters.JUnitXMLReporter -->
<testsuite ignored="0" hostname="Rabee-AbuAed" failures="0" tests="3" name="CrossBrowserAndMultiThreadTest_opera" time="15.11" errors="0" timestamp="2023-11-14T11:37:36 GST">
  <testcase classname="Test.CrossBrowserTest" name="testApplication" time="2.535"/>
  <testcase classname="Test.CrossBrowserTest" name="testApplication" time="2.612"/>
  <testcase classname="Test.TestDefineElemnts" name="registerNewUser" time="3.843"/>
</testsuite> <!-- CrossBrowserAndMultiThreadTest_opera -->
