<?xml version="1.0" encoding="UTF-8"?>
<!-- Generated by org.testng.reporters.JUnitXMLReporter -->
<testsuite ignored="0" hostname="Rabee-AbuAed" failures="0" tests="3" name="CrossBrowserAndMultiThreadTest" time="14.678" errors="0" timestamp="2023-11-14T11:37:35 GST">
  <testcase classname="Test.CrossBrowserTest" name="testApplication" time="2.157"/>
  <testcase classname="Test.CrossBrowserTest" name="testApplication" time="2.218"/>
  <testcase classname="Test.TestDefineElemnts" name="registerNewUser" time="4.481"/>
</testsuite> <!-- CrossBrowserAndMultiThreadTest -->
